  Array.cpp
  main.cpp
C:\Users\Пользователь\source\repos\GAME2001_Assignments\Assignment1_Shapovalov_Oleksandr\Assignment1_Shapovalov_Oleksandr\OrderedArray.h(41,8): error C3861: 'i': identifier not found
C:\Users\Пользователь\source\repos\GAME2001_Assignments\Assignment1_Shapovalov_Oleksandr\Assignment1_Shapovalov_Oleksandr\OrderedArray.h(106): message : see reference to class template instantiation 'OrderedArray<T>' being compiled
C:\Users\Пользователь\source\repos\GAME2001_Assignments\Assignment1_Shapovalov_Oleksandr\Assignment1_Shapovalov_Oleksandr\OrderedArray.h(41,15): error C2065: 'i': undeclared identifier
C:\Users\Пользователь\source\repos\GAME2001_Assignments\Assignment1_Shapovalov_Oleksandr\Assignment1_Shapovalov_Oleksandr\OrderedArray.h(41,15): error C3861: 'i': identifier not found
C:\Users\Пользователь\source\repos\GAME2001_Assignments\Assignment1_Shapovalov_Oleksandr\Assignment1_Shapovalov_Oleksandr\OrderedArray.h(41,34): error C2065: 'i': undeclared identifier
C:\Users\Пользователь\source\repos\GAME2001_Assignments\Assignment1_Shapovalov_Oleksandr\Assignment1_Shapovalov_Oleksandr\OrderedArray.h(41,34): error C3861: 'i': identifier not found
C:\Users\Пользователь\source\repos\GAME2001_Assignments\Assignment1_Shapovalov_Oleksandr\Assignment1_Shapovalov_Oleksandr\OrderedArray.h(43,16): error C3861: 'i': identifier not found
C:\Users\Пользователь\source\repos\GAME2001_Assignments\Assignment1_Shapovalov_Oleksandr\Assignment1_Shapovalov_Oleksandr\OrderedArray.h(41,8): error C2065: 'i': undeclared identifier
C:\Users\Пользователь\source\repos\GAME2001_Assignments\Assignment1_Shapovalov_Oleksandr\Assignment1_Shapovalov_Oleksandr\OrderedArray.h(43,16): error C2065: 'i': undeclared identifier
  OrderedArray.cpp
C:\Users\Пользователь\source\repos\GAME2001_Assignments\Assignment1_Shapovalov_Oleksandr\Assignment1_Shapovalov_Oleksandr\OrderedArray.h(41,8): error C3861: 'i': identifier not found
C:\Users\Пользователь\source\repos\GAME2001_Assignments\Assignment1_Shapovalov_Oleksandr\Assignment1_Shapovalov_Oleksandr\OrderedArray.h(106): message : see reference to class template instantiation 'OrderedArray<T>' being compiled
C:\Users\Пользователь\source\repos\GAME2001_Assignments\Assignment1_Shapovalov_Oleksandr\Assignment1_Shapovalov_Oleksandr\OrderedArray.h(41,15): error C2065: 'i': undeclared identifier
C:\Users\Пользователь\source\repos\GAME2001_Assignments\Assignment1_Shapovalov_Oleksandr\Assignment1_Shapovalov_Oleksandr\OrderedArray.h(41,15): error C3861: 'i': identifier not found
C:\Users\Пользователь\source\repos\GAME2001_Assignments\Assignment1_Shapovalov_Oleksandr\Assignment1_Shapovalov_Oleksandr\OrderedArray.h(41,34): error C2065: 'i': undeclared identifier
C:\Users\Пользователь\source\repos\GAME2001_Assignments\Assignment1_Shapovalov_Oleksandr\Assignment1_Shapovalov_Oleksandr\OrderedArray.h(41,34): error C3861: 'i': identifier not found
C:\Users\Пользователь\source\repos\GAME2001_Assignments\Assignment1_Shapovalov_Oleksandr\Assignment1_Shapovalov_Oleksandr\OrderedArray.h(43,16): error C3861: 'i': identifier not found
C:\Users\Пользователь\source\repos\GAME2001_Assignments\Assignment1_Shapovalov_Oleksandr\Assignment1_Shapovalov_Oleksandr\OrderedArray.h(41,8): error C2065: 'i': undeclared identifier
C:\Users\Пользователь\source\repos\GAME2001_Assignments\Assignment1_Shapovalov_Oleksandr\Assignment1_Shapovalov_Oleksandr\OrderedArray.h(43,16): error C2065: 'i': undeclared identifier
  UnorderedArray.cpp
  Generating Code...
